
> rt-stack@ dev /Users/brandon/Development/content-studio
> turbo watch dev --continue

turbo 2.6.1

• Packages in scope: @repo/ai, @repo/api, @repo/auth, @repo/db, @repo/eslint-config, @repo/media, @repo/prettier-config, @repo/queue, @repo/storage, @repo/tailwind-config, @repo/testing, @repo/typescript-config, @repo/ui, server, web
• Running dev in 15 packages
• Remote caching disabled
@repo/storage:dev: cache bypass, force executing 9a63a36ca0a81fb6
@repo/db:dev: cache bypass, force executing 7ff2eaeb12d2bc96
@repo/ui:dev: cache bypass, force executing f414111c79a5e7a3
server:dev: cache bypass, force executing a726fdd42d2154f1
web:dev: cache bypass, force executing 8f9c5caae84cf2cf
@repo/db:dev: 
@repo/db:dev: > @repo/db@ dev /Users/brandon/Development/content-studio/packages/db
@repo/db:dev: > tsc --build tsconfig.package.json
@repo/db:dev: 
@repo/storage:dev: 
@repo/storage:dev: > @repo/storage@ dev /Users/brandon/Development/content-studio/packages/storage
@repo/storage:dev: > tsc --build tsconfig.package.json
@repo/storage:dev: 
web:dev: 
web:dev: > web@ dev /Users/brandon/Development/content-studio/apps/web
web:dev: > pnpm env:run dev
web:dev: 
server:dev: 
server:dev: > server@ dev /Users/brandon/Development/content-studio/apps/server
server:dev: > NODE_OPTIONS='--enable-source-maps' pnpm env:run tsx watch src/server.ts
server:dev: 
@repo/ui:dev: 
@repo/ui:dev: > @repo/ui@ dev /Users/brandon/Development/content-studio/packages/ui
@repo/ui:dev: > tsc
@repo/ui:dev: 
@repo/auth:dev: cache bypass, force executing 7808c92626f051f1
@repo/ai:dev: cache bypass, force executing 1791e264a3dc1ffb
@repo/queue:dev: cache bypass, force executing 802a39b25a2e5a71
web:dev: 
web:dev: > web@ env:run /Users/brandon/Development/content-studio/apps/web
web:dev: > dotenv -- vite --configLoader runner dev
web:dev: 
server:dev: 
server:dev: > server@ env:run /Users/brandon/Development/content-studio/apps/server
server:dev: > dotenv -- tsx watch src/server.ts
server:dev: 
@repo/queue:dev: 
@repo/queue:dev: > @repo/queue@ dev /Users/brandon/Development/content-studio/packages/queue
@repo/queue:dev: > tsc --build tsconfig.package.json
@repo/queue:dev: 
@repo/ai:dev: 
@repo/ai:dev: > @repo/ai@ dev /Users/brandon/Development/content-studio/packages/ai
@repo/ai:dev: > tsc --build tsconfig.package.json
@repo/ai:dev: 
@repo/auth:dev: 
@repo/auth:dev: > @repo/auth@ dev /Users/brandon/Development/content-studio/packages/auth
@repo/auth:dev: > tsc --build
@repo/auth:dev: 
@repo/testing:dev: cache bypass, force executing 55d4e2b9a772dee3
@repo/testing:dev: 
@repo/testing:dev: > @repo/testing@ dev /Users/brandon/Development/content-studio/packages/testing
@repo/testing:dev: > tsc --build tsconfig.package.json
@repo/testing:dev: 
@repo/media:dev: cache bypass, force executing 9432dbaf9a35bc71
@repo/media:dev: 
@repo/media:dev: > @repo/media@ dev /Users/brandon/Development/content-studio/packages/media
@repo/media:dev: > tsc --build tsconfig.package.json
@repo/media:dev: 
@repo/api:dev: cache bypass, force executing a204e19f4f6eb255
@repo/api:dev: 
@repo/api:dev: > @repo/api@ dev /Users/brandon/Development/content-studio/packages/api
@repo/api:dev: > tsc
@repo/api:dev: 
web:dev: 
web:dev:   VITE v7.2.4  ready in 1885 ms
web:dev: 
web:dev:   ➜  Local:   http://localhost:8085/
@repo/api:dev:  ELIFECYCLE  Command failed.
@repo/media:dev: cache bypass, force executing ac1adb7e85fb64e2
server:dev: Verifying database connection...
@repo/media:dev: 
@repo/media:dev: > @repo/media@ dev /Users/brandon/Development/content-studio/packages/media
@repo/media:dev: > tsc --build tsconfig.package.json
@repo/media:dev: 
server:dev: Database connection verified
server:dev: [UnifiedWorker] Using shared runtime
server:dev: [20:45:40.946] INFO (#1): Starting UnifiedWorker, polling every 3000ms
server:dev:   worker: UnifiedWorker
server:dev: 
server:dev: Hono
server:dev: - internal server url: http://[::1]:3035
server:dev: - external server url: http://localhost:3035
server:dev: - public web url: http://localhost:8085
server:dev:       
server:dev: [20:45:40.964] INFO (#1): No pending jobs found
server:dev:   worker: UnifiedWorker
@repo/media:dev: src/brand/repos/brand-repo.ts(103,11): error TS2769: No overload matches this call.
@repo/media:dev:   Overload 2 of 2, '(values: { name: string | SQL<unknown> | Placeholder<string, any>; createdBy: string | SQL<unknown> | Placeholder<string, any>; description?: string | SQL<unknown> | Placeholder<...> | null | undefined; ... 9 more ...; updatedAt?: SQL<...> | ... 2 more ... | undefined; }[]): PgInsertBase<...>', gave the following error.
@repo/media:dev:     Type 'readonly string[] | undefined' is not assignable to type '() => ArrayIterator<{ name: string | SQL<unknown> | Placeholder<string, any>; createdBy: string | SQL<unknown> | Placeholder<string, any>; description?: string | SQL<unknown> | Placeholder<...> | null | undefined; ... 9 more ...; updatedAt?: SQL<...> | ... 2 more ... | undefined; }>'.
@repo/media:dev:       Type 'undefined' is not assignable to type '() => ArrayIterator<{ name: string | SQL<unknown> | Placeholder<string, any>; createdBy: string | SQL<unknown> | Placeholder<string, any>; description?: string | SQL<unknown> | Placeholder<...> | null | undefined; ... 9 more ...; updatedAt?: SQL<...> | ... 2 more ... | undefined; }>'.
@repo/media:dev: src/brand/repos/brand-repo.ts(149,14): error TS2345: Argument of type '{ updatedAt: Date; name?: string | undefined; description?: string | undefined; mission?: string | undefined; values?: readonly string[] | undefined; colors?: { readonly primary: string; readonly secondary?: string | undefined; readonly accent?: string | undefined; } | undefined; brandGuide?: string | undefined; per...' is not assignable to parameter of type '{ name?: string | SQL<unknown> | PgColumn<ColumnBaseConfig<ColumnDataType, string>, {}, {}> | undefined; createdBy?: string | SQL<unknown> | PgColumn<...> | undefined; ... 10 more ...; updatedAt?: SQL<...> | ... 2 more ... | undefined; }'.
@repo/media:dev:   Types of property 'values' are incompatible.
@repo/media:dev:     Type 'readonly string[] | undefined' is not assignable to type 'string[] | SQL<unknown> | PgColumn<ColumnBaseConfig<ColumnDataType, string>, {}, {}> | null | undefined'.
@repo/media:dev:       Type 'readonly string[]' is not assignable to type 'string[] | SQL<unknown> | PgColumn<ColumnBaseConfig<ColumnDataType, string>, {}, {}> | null | undefined'.
@repo/media:dev:         The type 'readonly string[]' is 'readonly' and cannot be assigned to the mutable type 'string[]'.
@repo/media:dev:  ELIFECYCLE  Command failed with exit code 1.
@repo/media:dev: command finished with error, but continuing...
@repo/api:dev: cache bypass, force executing 64a848908b356744
@repo/api:dev: 
@repo/api:dev: > @repo/api@ dev /Users/brandon/Development/content-studio/packages/api
@repo/api:dev: > tsc
@repo/api:dev: 
@repo/api:dev:  ELIFECYCLE  Command failed.
@repo/media#dev: command (/Users/brandon/Development/content-studio/packages/media) /Users/brandon/Library/pnpm/.tools/pnpm/10.23.0/bin/pnpm run dev exited (1)
@repo/media:dev: cache bypass, force executing b919744fa97697d1
@repo/media:dev: 
@repo/media:dev: > @repo/media@ dev /Users/brandon/Development/content-studio/packages/media
@repo/media:dev: > tsc --build tsconfig.package.json
@repo/media:dev: 
server:dev: [20:45:44.003] INFO (#1): No pending jobs found
server:dev:   worker: UnifiedWorker
@repo/media:dev: src/brand/repos/brand-repo.ts(103,11): error TS2769: No overload matches this call.
@repo/media:dev:   Overload 2 of 2, '(values: { name: string | SQL<unknown> | Placeholder<string, any>; createdBy: string | SQL<unknown> | Placeholder<string, any>; description?: string | SQL<unknown> | Placeholder<...> | null | undefined; ... 9 more ...; updatedAt?: SQL<...> | ... 2 more ... | undefined; }[]): PgInsertBase<...>', gave the following error.
@repo/media:dev:     Type 'readonly string[] | undefined' is not assignable to type '() => ArrayIterator<{ name: string | SQL<unknown> | Placeholder<string, any>; createdBy: string | SQL<unknown> | Placeholder<string, any>; description?: string | SQL<unknown> | Placeholder<...> | null | undefined; ... 9 more ...; updatedAt?: SQL<...> | ... 2 more ... | undefined; }>'.
@repo/media:dev:       Type 'undefined' is not assignable to type '() => ArrayIterator<{ name: string | SQL<unknown> | Placeholder<string, any>; createdBy: string | SQL<unknown> | Placeholder<string, any>; description?: string | SQL<unknown> | Placeholder<...> | null | undefined; ... 9 more ...; updatedAt?: SQL<...> | ... 2 more ... | undefined; }>'.
@repo/media:dev: src/brand/repos/brand-repo.ts(149,14): error TS2345: Argument of type '{ updatedAt: Date; name?: string | undefined; description?: string | undefined; mission?: string | undefined; values?: readonly string[] | undefined; colors?: { readonly primary: string; readonly secondary?: string | undefined; readonly accent?: string | undefined; } | undefined; brandGuide?: string | undefined; per...' is not assignable to parameter of type '{ name?: string | SQL<unknown> | PgColumn<ColumnBaseConfig<ColumnDataType, string>, {}, {}> | undefined; createdBy?: string | SQL<unknown> | PgColumn<...> | undefined; ... 10 more ...; updatedAt?: SQL<...> | ... 2 more ... | undefined; }'.
@repo/media:dev:   Types of property 'values' are incompatible.
@repo/media:dev:     Type 'readonly string[] | undefined' is not assignable to type 'string[] | SQL<unknown> | PgColumn<ColumnBaseConfig<ColumnDataType, string>, {}, {}> | null | undefined'.
@repo/media:dev:       Type 'readonly string[]' is not assignable to type 'string[] | SQL<unknown> | PgColumn<ColumnBaseConfig<ColumnDataType, string>, {}, {}> | null | undefined'.
@repo/media:dev:         The type 'readonly string[]' is 'readonly' and cannot be assigned to the mutable type 'string[]'.
@repo/media:dev:  ELIFECYCLE  Command failed with exit code 1.
@repo/media:dev: command finished with error, but continuing...
@repo/api:dev: cache bypass, force executing 34fc8ebb317ea4eb
@repo/api:dev: 
@repo/api:dev: > @repo/api@ dev /Users/brandon/Development/content-studio/packages/api
@repo/api:dev: > tsc
@repo/api:dev: 
@repo/media#dev: command (/Users/brandon/Development/content-studio/packages/media) /Users/brandon/Library/pnpm/.tools/pnpm/10.23.0/bin/pnpm run dev exited (1)
server:dev: [20:45:47.030] INFO (#1): No pending jobs found
server:dev:   worker: UnifiedWorker
server:dev: [20:45:50.057] INFO (#1): No pending jobs found
server:dev:   worker: UnifiedWorker
@repo/media:dev: cache bypass, force executing 649891649173665f
@repo/media:dev: 
@repo/media:dev: > @repo/media@ dev /Users/brandon/Development/content-studio/packages/media
@repo/media:dev: > tsc --build tsconfig.package.json
@repo/media:dev: 
@repo/media:dev: src/brand/repos/brand-repo.ts(103,11): error TS2769: No overload matches this call.
@repo/media:dev:   Overload 2 of 2, '(values: { name: string | SQL<unknown> | Placeholder<string, any>; createdBy: string | SQL<unknown> | Placeholder<string, any>; description?: string | SQL<unknown> | Placeholder<...> | null | undefined; ... 9 more ...; updatedAt?: SQL<...> | ... 2 more ... | undefined; }[]): PgInsertBase<...>', gave the following error.
@repo/media:dev:     Type 'readonly string[] | undefined' is not assignable to type '() => ArrayIterator<{ name: string | SQL<unknown> | Placeholder<string, any>; createdBy: string | SQL<unknown> | Placeholder<string, any>; description?: string | SQL<unknown> | Placeholder<...> | null | undefined; ... 9 more ...; updatedAt?: SQL<...> | ... 2 more ... | undefined; }>'.
@repo/media:dev:       Type 'undefined' is not assignable to type '() => ArrayIterator<{ name: string | SQL<unknown> | Placeholder<string, any>; createdBy: string | SQL<unknown> | Placeholder<string, any>; description?: string | SQL<unknown> | Placeholder<...> | null | undefined; ... 9 more ...; updatedAt?: SQL<...> | ... 2 more ... | undefined; }>'.
@repo/media:dev: src/brand/repos/brand-repo.ts(149,14): error TS2345: Argument of type '{ updatedAt: Date; name?: string | undefined; description?: string | undefined; mission?: string | undefined; values?: readonly string[] | undefined; colors?: { readonly primary: string; readonly secondary?: string | undefined; readonly accent?: string | undefined; } | undefined; brandGuide?: string | undefined; per...' is not assignable to parameter of type '{ name?: string | SQL<unknown> | PgColumn<ColumnBaseConfig<ColumnDataType, string>, {}, {}> | undefined; createdBy?: string | SQL<unknown> | PgColumn<...> | undefined; ... 10 more ...; updatedAt?: SQL<...> | ... 2 more ... | undefined; }'.
@repo/media:dev:   Types of property 'values' are incompatible.
@repo/media:dev:     Type 'readonly string[] | undefined' is not assignable to type 'string[] | SQL<unknown> | PgColumn<ColumnBaseConfig<ColumnDataType, string>, {}, {}> | null | undefined'.
@repo/media:dev:       Type 'readonly string[]' is not assignable to type 'string[] | SQL<unknown> | PgColumn<ColumnBaseConfig<ColumnDataType, string>, {}, {}> | null | undefined'.
@repo/media:dev:         The type 'readonly string[]' is 'readonly' and cannot be assigned to the mutable type 'string[]'.
@repo/media:dev:  ELIFECYCLE  Command failed with exit code 1.
@repo/media:dev: command finished with error, but continuing...
@repo/api:dev: cache bypass, force executing 2f9fdbe222574fa2
@repo/api:dev: 
@repo/api:dev: > @repo/api@ dev /Users/brandon/Development/content-studio/packages/api
@repo/api:dev: > tsc
@repo/api:dev: 
server:dev: [20:45:53.076] INFO (#1): No pending jobs found
server:dev:   worker: UnifiedWorker
@repo/media#dev: command (/Users/brandon/Development/content-studio/packages/media) /Users/brandon/Library/pnpm/.tools/pnpm/10.23.0/bin/pnpm run dev exited (1)
server:dev: [20:45:56.098] INFO (#1): No pending jobs found
server:dev:   worker: UnifiedWorker
@repo/media:dev: cache bypass, force executing ffee2389e28039b8
@repo/media:dev: 
@repo/media:dev: > @repo/media@ dev /Users/brandon/Development/content-studio/packages/media
@repo/media:dev: > tsc --build tsconfig.package.json
@repo/media:dev: 
server:dev: [20:45:59.122] INFO (#1): No pending jobs found
server:dev:   worker: UnifiedWorker
@repo/media:dev: src/brand/repos/brand-repo.ts(106,11): error TS2769: No overload matches this call.
@repo/media:dev:   Overload 2 of 2, '(values: { name: string | SQL<unknown> | Placeholder<string, any>; createdBy: string | SQL<unknown> | Placeholder<string, any>; description?: string | SQL<unknown> | Placeholder<...> | null | undefined; ... 9 more ...; updatedAt?: SQL<...> | ... 2 more ... | undefined; }[]): PgInsertBase<...>', gave the following error.
@repo/media:dev:     Type 'readonly string[] | undefined' is not assignable to type '() => ArrayIterator<{ name: string | SQL<unknown> | Placeholder<string, any>; createdBy: string | SQL<unknown> | Placeholder<string, any>; description?: string | SQL<unknown> | Placeholder<...> | null | undefined; ... 9 more ...; updatedAt?: SQL<...> | ... 2 more ... | undefined; }>'.
@repo/media:dev:       Type 'undefined' is not assignable to type '() => ArrayIterator<{ name: string | SQL<unknown> | Placeholder<string, any>; createdBy: string | SQL<unknown> | Placeholder<string, any>; description?: string | SQL<unknown> | Placeholder<...> | null | undefined; ... 9 more ...; updatedAt?: SQL<...> | ... 2 more ... | undefined; }>'.
@repo/media:dev: src/brand/repos/brand-repo.ts(152,14): error TS2345: Argument of type '{ updatedAt: Date; name?: string | undefined; description?: string | undefined; mission?: string | undefined; values?: readonly string[] | undefined; colors?: { readonly primary: string; readonly secondary?: string | undefined; readonly accent?: string | undefined; } | undefined; brandGuide?: string | undefined; per...' is not assignable to parameter of type '{ name?: string | SQL<unknown> | PgColumn<ColumnBaseConfig<ColumnDataType, string>, {}, {}> | undefined; createdBy?: string | SQL<unknown> | PgColumn<...> | undefined; ... 10 more ...; updatedAt?: SQL<...> | ... 2 more ... | undefined; }'.
@repo/media:dev:   Types of property 'values' are incompatible.
@repo/media:dev:     Type 'readonly string[] | undefined' is not assignable to type 'string[] | SQL<unknown> | PgColumn<ColumnBaseConfig<ColumnDataType, string>, {}, {}> | null | undefined'.
@repo/media:dev:       Type 'readonly string[]' is not assignable to type 'string[] | SQL<unknown> | PgColumn<ColumnBaseConfig<ColumnDataType, string>, {}, {}> | null | undefined'.
@repo/media:dev:         The type 'readonly string[]' is 'readonly' and cannot be assigned to the mutable type 'string[]'.
@repo/media:dev:  ELIFECYCLE  Command failed with exit code 1.
@repo/media:dev: command finished with error, but continuing...
@repo/api:dev: cache bypass, force executing 26c08b17c3ba569f
@repo/api:dev: 
@repo/api:dev: > @repo/api@ dev /Users/brandon/Development/content-studio/packages/api
@repo/api:dev: > tsc
@repo/api:dev: 
@repo/media#dev: command (/Users/brandon/Development/content-studio/packages/media) /Users/brandon/Library/pnpm/.tools/pnpm/10.23.0/bin/pnpm run dev exited (1)
server:dev: [20:46:02.140] INFO (#1): No pending jobs found
server:dev:   worker: UnifiedWorker
@repo/media:dev: cache bypass, force executing 5c801250154ff4d9
server:dev: [20:46:05.163] INFO (#1): No pending jobs found
server:dev:   worker: UnifiedWorker
@repo/media:dev: 
@repo/media:dev: > @repo/media@ dev /Users/brandon/Development/content-studio/packages/media
@repo/media:dev: > tsc --build tsconfig.package.json
@repo/media:dev: 
@repo/media:dev: src/brand/repos/brand-repo.ts(176,14): error TS2345: Argument of type '{ updatedAt: Date; name?: string | undefined; description?: string | undefined; mission?: string | undefined; values?: readonly string[] | undefined; colors?: { readonly primary: string; readonly secondary?: string | undefined; readonly accent?: string | undefined; } | undefined; brandGuide?: string | undefined; per...' is not assignable to parameter of type '{ name?: string | SQL<unknown> | PgColumn<ColumnBaseConfig<ColumnDataType, string>, {}, {}> | undefined; createdBy?: string | SQL<unknown> | PgColumn<...> | undefined; ... 10 more ...; updatedAt?: SQL<...> | ... 2 more ... | undefined; }'.
@repo/media:dev:   Types of property 'values' are incompatible.
@repo/media:dev:     Type 'readonly string[] | undefined' is not assignable to type 'string[] | SQL<unknown> | PgColumn<ColumnBaseConfig<ColumnDataType, string>, {}, {}> | null | undefined'.
@repo/media:dev:       Type 'readonly string[]' is not assignable to type 'string[] | SQL<unknown> | PgColumn<ColumnBaseConfig<ColumnDataType, string>, {}, {}> | null | undefined'.
@repo/media:dev:         The type 'readonly string[]' is 'readonly' and cannot be assigned to the mutable type 'string[]'.
@repo/media:dev:  ELIFECYCLE  Command failed with exit code 1.
@repo/media:dev: command finished with error, but continuing...
@repo/api:dev: cache bypass, force executing 43bd3c333b7fa48f
@repo/api:dev: 
@repo/api:dev: > @repo/api@ dev /Users/brandon/Development/content-studio/packages/api
@repo/api:dev: > tsc
@repo/api:dev: 
server:dev: [20:46:08.194] INFO (#1): No pending jobs found
server:dev:   worker: UnifiedWorker
@repo/media#dev: command (/Users/brandon/Development/content-studio/packages/media) /Users/brandon/Library/pnpm/.tools/pnpm/10.23.0/bin/pnpm run dev exited (1)
server:dev: [20:46:11.204] INFO (#1): No pending jobs found
server:dev:   worker: UnifiedWorker
@repo/media:dev: cache bypass, force executing a246bf057aeffefd
@repo/media:dev: 
@repo/media:dev: > @repo/media@ dev /Users/brandon/Development/content-studio/packages/media
@repo/media:dev: > tsc --build tsconfig.package.json
@repo/media:dev: 
server:dev: [20:46:14.235] INFO (#1): No pending jobs found
server:dev:   worker: UnifiedWorker
@repo/api:dev: cache bypass, force executing be288632c13ad69e
@repo/api:dev: 
@repo/api:dev: > @repo/api@ dev /Users/brandon/Development/content-studio/packages/api
@repo/api:dev: > tsc
@repo/api:dev: 
server:dev: [20:46:17.271] INFO (#1): No pending jobs found
server:dev:   worker: UnifiedWorker
server:dev: [20:46:20.285] INFO (#1): No pending jobs found
server:dev:   worker: UnifiedWorker
server:dev: [20:46:23.298] INFO (#1): No pending jobs found
server:dev:   worker: UnifiedWorker
server:dev: [20:46:26.308] INFO (#1): No pending jobs found
server:dev:   worker: UnifiedWorker
server:dev: [20:46:29.322] INFO (#1): No pending jobs found
server:dev:   worker: UnifiedWorker
server:dev: [20:46:32.336] INFO (#1): No pending jobs found
server:dev:   worker: UnifiedWorker
server:dev: [20:46:35.346] INFO (#1): No pending jobs found
server:dev:   worker: UnifiedWorker
server:dev: [20:46:38.355] INFO (#1): No pending jobs found
server:dev:   worker: UnifiedWorker
server:dev: [20:46:41.367] INFO (#1): No pending jobs found
server:dev:   worker: UnifiedWorker
server:dev: [20:46:44.376] INFO (#1): No pending jobs found
server:dev:   worker: UnifiedWorker
server:dev: [20:46:47.385] INFO (#1): No pending jobs found
server:dev:   worker: UnifiedWorker
server:dev: [20:46:50.396] INFO (#1): No pending jobs found
server:dev:   worker: UnifiedWorker
server:dev: [20:46:53.406] INFO (#1): No pending jobs found
server:dev:   worker: UnifiedWorker
server:dev: [20:46:56.424] INFO (#1): No pending jobs found
server:dev:   worker: UnifiedWorker
server:dev: [20:46:59.459] INFO (#1): No pending jobs found
server:dev:   worker: UnifiedWorker
server:dev: [20:47:02.479] INFO (#1): No pending jobs found
server:dev:   worker: UnifiedWorker
server:dev: [20:47:05.489] INFO (#1): No pending jobs found
server:dev:   worker: UnifiedWorker
server:dev: [20:47:08.501] INFO (#1): No pending jobs found
server:dev:   worker: UnifiedWorker
server:dev: [20:47:11.508] INFO (#1): No pending jobs found
server:dev:   worker: UnifiedWorker
server:dev: [20:47:14.517] INFO (#1): No pending jobs found
server:dev:   worker: UnifiedWorker
server:dev: [20:47:17.528] INFO (#1): No pending jobs found
server:dev:   worker: UnifiedWorker
@repo/media:dev: cache bypass, force executing 91e416a7fdd9affe
@repo/media:dev: 
@repo/media:dev: > @repo/media@ dev /Users/brandon/Development/content-studio/packages/media
@repo/media:dev: > tsc --build tsconfig.package.json
@repo/media:dev: 
@repo/api:dev: cache bypass, force executing 06726191723addeb
@repo/api:dev: 
@repo/api:dev: > @repo/api@ dev /Users/brandon/Development/content-studio/packages/api
@repo/api:dev: > tsc
@repo/api:dev: 
server:dev: [20:47:20.561] INFO (#1): No pending jobs found
server:dev:   worker: UnifiedWorker
server:dev: [20:47:23.574] INFO (#1): No pending jobs found
server:dev:   worker: UnifiedWorker
server:dev: [20:47:26.584] INFO (#1): No pending jobs found
server:dev:   worker: UnifiedWorker
@repo/media:dev: cache bypass, force executing 0188452d433635cf
@repo/media:dev: 
@repo/media:dev: > @repo/media@ dev /Users/brandon/Development/content-studio/packages/media
@repo/media:dev: > tsc --build tsconfig.package.json
@repo/media:dev: 
@repo/media:dev:  ELIFECYCLE  Command failed.
@repo/media:dev: cache bypass, force executing 054a819cfcdb01d4
@repo/media:dev: 
@repo/media:dev: > @repo/media@ dev /Users/brandon/Development/content-studio/packages/media
@repo/media:dev: > tsc --build tsconfig.package.json
@repo/media:dev: 
@repo/api:dev: cache bypass, force executing 4de0bc56ad0fe480
@repo/api:dev: 
@repo/api:dev: > @repo/api@ dev /Users/brandon/Development/content-studio/packages/api
@repo/api:dev: > tsc
@repo/api:dev: 
server:dev: [20:47:29.596] INFO (#1): No pending jobs found
server:dev:   worker: UnifiedWorker
server:dev: [20:47:32.687] INFO (#1): No pending jobs found
server:dev:   worker: UnifiedWorker
@repo/media:dev: cache bypass, force executing 310a5bd43d57112e
@repo/media:dev: cache bypass, force executing 60c031dca621050f
@repo/media:dev: 
@repo/media:dev: > @repo/media@ dev /Users/brandon/Development/content-studio/packages/media
@repo/media:dev: > tsc --build tsconfig.package.json
@repo/media:dev: 
server:dev: [20:47:35.762] INFO (#1): No pending jobs found
server:dev:   worker: UnifiedWorker
server:dev: [20:47:38.801] INFO (#1): No pending jobs found
server:dev:   worker: UnifiedWorker
@repo/api:dev: cache bypass, force executing f6b7f3e268437454
@repo/api:dev: 
@repo/api:dev: > @repo/api@ dev /Users/brandon/Development/content-studio/packages/api
@repo/api:dev: > tsc
@repo/api:dev: 
server:dev: [20:47:41.821] INFO (#1): No pending jobs found
server:dev:   worker: UnifiedWorker
server:dev: [20:47:44.837] INFO (#1): No pending jobs found
server:dev:   worker: UnifiedWorker
@repo/media:dev: cache bypass, force executing 319e08ee1d5a610d
@repo/media:dev: 
@repo/media:dev: > @repo/media@ dev /Users/brandon/Development/content-studio/packages/media
@repo/media:dev: > tsc --build tsconfig.package.json
@repo/media:dev: 
@repo/api:dev: cache bypass, force executing 284894b9d212a129
@repo/api:dev: 
@repo/api:dev: > @repo/api@ dev /Users/brandon/Development/content-studio/packages/api
@repo/api:dev: > tsc
@repo/api:dev: 
server:dev: [20:47:47.849] INFO (#1): No pending jobs found
server:dev:   worker: UnifiedWorker
server:dev: [20:47:50.867] INFO (#1): No pending jobs found
server:dev:   worker: UnifiedWorker
@repo/media:dev: cache bypass, force executing 707714b94d8e92a3
@repo/media:dev: 
@repo/media:dev: > @repo/media@ dev /Users/brandon/Development/content-studio/packages/media
@repo/media:dev: > tsc --build tsconfig.package.json
@repo/media:dev: 
@repo/api:dev: cache bypass, force executing 9d0a2d690750fa76
@repo/api:dev: 
@repo/api:dev: > @repo/api@ dev /Users/brandon/Development/content-studio/packages/api
@repo/api:dev: > tsc
@repo/api:dev: 
server:dev: [20:47:53.881] INFO (#1): No pending jobs found
server:dev:   worker: UnifiedWorker
@repo/media:dev: cache bypass, force executing 70727a6e192585b6
@repo/media:dev: 
@repo/media:dev: > @repo/media@ dev /Users/brandon/Development/content-studio/packages/media
@repo/media:dev: > tsc --build tsconfig.package.json
@repo/media:dev: 
server:dev: [20:47:56.902] INFO (#1): No pending jobs found
server:dev:   worker: UnifiedWorker
@repo/media:dev: src/brand/use-cases/append-chat-message.ts(62,7): error TS2353: Object literal may only specify known properties, and 'chatMessages' does not exist in type 'Partial<{ readonly name?: string | undefined; readonly description?: string | undefined; readonly mission?: string | undefined; readonly values?: readonly string[] | undefined; readonly colors?: { readonly primary: string; readonly secondary?: string | undefined; readonly accent?: string | undefined; } | undefined; ...'.
@repo/media:dev:  ELIFECYCLE  Command failed with exit code 1.
@repo/media:dev: command finished with error, but continuing...
@repo/api:dev: cache bypass, force executing 59be80c4db464508
@repo/api:dev: 
@repo/api:dev: > @repo/api@ dev /Users/brandon/Development/content-studio/packages/api
@repo/api:dev: > tsc
@repo/api:dev: 
server:dev: [20:47:59.912] INFO (#1): No pending jobs found
server:dev:   worker: UnifiedWorker
@repo/media#dev: command (/Users/brandon/Development/content-studio/packages/media) /Users/brandon/Library/pnpm/.tools/pnpm/10.23.0/bin/pnpm run dev exited (1)
server:dev: [20:48:02.931] INFO (#1): No pending jobs found
server:dev:   worker: UnifiedWorker
server:dev: [20:48:05.939] INFO (#1): No pending jobs found
server:dev:   worker: UnifiedWorker
server:dev: [20:48:08.947] INFO (#1): No pending jobs found
server:dev:   worker: UnifiedWorker
server:dev: [20:48:11.958] INFO (#1): No pending jobs found
server:dev:   worker: UnifiedWorker
server:dev: [20:48:14.969] INFO (#1): No pending jobs found
server:dev:   worker: UnifiedWorker
server:dev: [20:48:17.977] INFO (#1): No pending jobs found
server:dev:   worker: UnifiedWorker
server:dev: [20:48:20.982] INFO (#1): No pending jobs found
server:dev:   worker: UnifiedWorker
server:dev: [20:48:23.991] INFO (#1): No pending jobs found
server:dev:   worker: UnifiedWorker
server:dev: [20:48:26.999] INFO (#1): No pending jobs found
server:dev:   worker: UnifiedWorker
server:dev: [20:48:30.006] INFO (#1): No pending jobs found
server:dev:   worker: UnifiedWorker
server:dev: [20:48:33.014] INFO (#1): No pending jobs found
server:dev:   worker: UnifiedWorker
server:dev: [20:48:36.021] INFO (#1): No pending jobs found
server:dev:   worker: UnifiedWorker
server:dev: [20:48:39.030] INFO (#1): No pending jobs found
server:dev:   worker: UnifiedWorker
server:dev: [20:48:42.039] INFO (#1): No pending jobs found
server:dev:   worker: UnifiedWorker
server:dev: [20:48:45.046] INFO (#1): No pending jobs found
server:dev:   worker: UnifiedWorker
server:dev: [20:48:48.054] INFO (#1): No pending jobs found
server:dev:   worker: UnifiedWorker
server:dev: [20:48:51.061] INFO (#1): No pending jobs found
server:dev:   worker: UnifiedWorker
server:dev: [20:48:54.076] INFO (#1): No pending jobs found
server:dev:   worker: UnifiedWorker
server:dev: [20:48:57.085] INFO (#1): No pending jobs found
server:dev:   worker: UnifiedWorker
@repo/media:dev: cache bypass, force executing 04259aa2227f05b7
@repo/media:dev: 
@repo/media:dev: > @repo/media@ dev /Users/brandon/Development/content-studio/packages/media
@repo/media:dev: > tsc --build tsconfig.package.json
@repo/media:dev: 
server:dev: [20:49:00.096] INFO (#1): No pending jobs found
server:dev:   worker: UnifiedWorker
@repo/media:dev: src/brand/use-cases/append-chat-message.ts(62,7): error TS2353: Object literal may only specify known properties, and 'chatMessages' does not exist in type 'Partial<{ readonly name?: string | undefined; readonly description?: string | undefined; readonly mission?: string | undefined; readonly values?: readonly string[] | undefined; readonly colors?: { readonly primary: string; readonly secondary?: string | undefined; readonly accent?: string | undefined; } | undefined; ...'.
@repo/media:dev:  ELIFECYCLE  Command failed with exit code 1.
@repo/media:dev: command finished with error, but continuing...
@repo/api:dev: cache bypass, force executing 154f2b2d9c3b5c70
@repo/api:dev: 
@repo/api:dev: > @repo/api@ dev /Users/brandon/Development/content-studio/packages/api
@repo/api:dev: > tsc
@repo/api:dev: 
@repo/media#dev: command (/Users/brandon/Development/content-studio/packages/media) /Users/brandon/Library/pnpm/.tools/pnpm/10.23.0/bin/pnpm run dev exited (1)
server:dev: [20:49:03.112] INFO (#1): No pending jobs found
server:dev:   worker: UnifiedWorker
@repo/media:dev: cache bypass, force executing 24f69433fe203576
@repo/media:dev: 
@repo/media:dev: > @repo/media@ dev /Users/brandon/Development/content-studio/packages/media
@repo/media:dev: > tsc --build tsconfig.package.json
@repo/media:dev: 
server:dev: [20:49:06.167] INFO (#1): No pending jobs found
server:dev:   worker: UnifiedWorker
@repo/media:dev: src/brand/use-cases/append-chat-message.ts(62,7): error TS2353: Object literal may only specify known properties, and 'chatMessages' does not exist in type 'Partial<{ readonly name?: string | undefined; readonly description?: string | undefined; readonly mission?: string | undefined; readonly values?: readonly string[] | undefined; readonly colors?: { readonly primary: string; readonly secondary?: string | undefined; readonly accent?: string | undefined; } | undefined; ...'.
@repo/media:dev:  ELIFECYCLE  Command failed with exit code 1.
@repo/media:dev: command finished with error, but continuing...
@repo/api:dev: cache bypass, force executing 15cf87d555249b26
@repo/api:dev: 
@repo/api:dev: > @repo/api@ dev /Users/brandon/Development/content-studio/packages/api
@repo/api:dev: > tsc
@repo/api:dev: 
@repo/media#dev: command (/Users/brandon/Development/content-studio/packages/media) /Users/brandon/Library/pnpm/.tools/pnpm/10.23.0/bin/pnpm run dev exited (1)
server:dev: [20:49:09.184] INFO (#1): No pending jobs found
server:dev:   worker: UnifiedWorker
server:dev: [20:49:12.193] INFO (#1): No pending jobs found
server:dev:   worker: UnifiedWorker
server:dev: [20:49:15.200] INFO (#1): No pending jobs found
server:dev:   worker: UnifiedWorker
server:dev: [20:49:18.210] INFO (#1): No pending jobs found
server:dev:   worker: UnifiedWorker
server:dev: [20:49:21.219] INFO (#1): No pending jobs found
server:dev:   worker: UnifiedWorker
server:dev: [20:49:24.226] INFO (#1): No pending jobs found
server:dev:   worker: UnifiedWorker
server:dev: [20:49:27.232] INFO (#1): No pending jobs found
server:dev:   worker: UnifiedWorker
server:dev: [20:49:30.242] INFO (#1): No pending jobs found
server:dev:   worker: UnifiedWorker
@repo/media:dev: cache bypass, force executing d64767da75e57aa3
@repo/media:dev: 
@repo/media:dev: > @repo/media@ dev /Users/brandon/Development/content-studio/packages/media
@repo/media:dev: > tsc --build tsconfig.package.json
@repo/media:dev: 
server:dev: [20:49:33.266] INFO (#1): No pending jobs found
server:dev:   worker: UnifiedWorker
@repo/media:dev: src/brand/use-cases/append-chat-message.ts(62,7): error TS2353: Object literal may only specify known properties, and 'chatMessages' does not exist in type 'Partial<{ readonly name?: string | undefined; readonly description?: string | undefined; readonly mission?: string | undefined; readonly values?: readonly string[] | undefined; readonly colors?: { readonly primary: string; readonly secondary?: string | undefined; readonly accent?: string | undefined; } | undefined; ...'.
@repo/media:dev:  ELIFECYCLE  Command failed with exit code 1.
@repo/media:dev: command finished with error, but continuing...
@repo/api:dev: cache bypass, force executing c86613e0dce71a96
@repo/api:dev: 
@repo/api:dev: > @repo/api@ dev /Users/brandon/Development/content-studio/packages/api
@repo/api:dev: > tsc
@repo/api:dev: 
@repo/media#dev: command (/Users/brandon/Development/content-studio/packages/media) /Users/brandon/Library/pnpm/.tools/pnpm/10.23.0/bin/pnpm run dev exited (1)
server:dev: [20:49:36.280] INFO (#1): No pending jobs found
server:dev:   worker: UnifiedWorker
@repo/media:dev: cache bypass, force executing 526db276e9701702
@repo/media:dev: 
@repo/media:dev: > @repo/media@ dev /Users/brandon/Development/content-studio/packages/media
@repo/media:dev: > tsc --build tsconfig.package.json
@repo/media:dev: 
@repo/media:dev: src/brand/use-cases/append-chat-message.ts(62,7): error TS2353: Object literal may only specify known properties, and 'chatMessages' does not exist in type 'Partial<{ readonly name?: string | undefined; readonly description?: string | undefined; readonly mission?: string | undefined; readonly values?: readonly string[] | undefined; readonly colors?: { readonly primary: string; readonly secondary?: string | undefined; readonly accent?: string | undefined; } | undefined; ...'.
@repo/media:dev:  ELIFECYCLE  Command failed with exit code 1.
@repo/media:dev: command finished with error, but continuing...
@repo/api:dev: cache bypass, force executing 19efb45779cc5b7d
@repo/api:dev: 
@repo/api:dev: > @repo/api@ dev /Users/brandon/Development/content-studio/packages/api
@repo/api:dev: > tsc
@repo/api:dev: 
server:dev: [20:49:39.301] INFO (#1): No pending jobs found
server:dev:   worker: UnifiedWorker
@repo/media#dev: command (/Users/brandon/Development/content-studio/packages/media) /Users/brandon/Library/pnpm/.tools/pnpm/10.23.0/bin/pnpm run dev exited (1)
@repo/media:dev: cache bypass, force executing 772fe0612c8eb111
@repo/media:dev: 
@repo/media:dev: > @repo/media@ dev /Users/brandon/Development/content-studio/packages/media
@repo/media:dev: > tsc --build tsconfig.package.json
@repo/media:dev: 
server:dev: [20:49:42.314] INFO (#1): No pending jobs found
server:dev:   worker: UnifiedWorker
@repo/api:dev: cache bypass, force executing b2fa2dcc6628dd6e
@repo/api:dev: 
@repo/api:dev: > @repo/api@ dev /Users/brandon/Development/content-studio/packages/api
@repo/api:dev: > tsc
@repo/api:dev: 
server:dev: [20:49:45.322] INFO (#1): No pending jobs found
server:dev:   worker: UnifiedWorker
@repo/media:dev: cache bypass, force executing fe9eeafc0563f7a8
server:dev: [20:49:48.330] INFO (#1): No pending jobs found
server:dev:   worker: UnifiedWorker
@repo/media:dev: 
@repo/media:dev: > @repo/media@ dev /Users/brandon/Development/content-studio/packages/media
@repo/media:dev: > tsc --build tsconfig.package.json
@repo/media:dev: 
@repo/api:dev: cache bypass, force executing d1555327f0ac2c11
@repo/api:dev: 
@repo/api:dev: > @repo/api@ dev /Users/brandon/Development/content-studio/packages/api
@repo/api:dev: > tsc
@repo/api:dev: 
server:dev: [20:49:51.366] INFO (#1): No pending jobs found
server:dev:   worker: UnifiedWorker
server:dev: [20:49:54.377] INFO (#1): No pending jobs found
server:dev:   worker: UnifiedWorker
@repo/media:dev: cache bypass, force executing 07417b3426163a7b
@repo/media:dev: 
@repo/media:dev: > @repo/media@ dev /Users/brandon/Development/content-studio/packages/media
@repo/media:dev: > tsc --build tsconfig.package.json
@repo/media:dev: 
@repo/api:dev: cache bypass, force executing 367551f46bb4aa0f
@repo/api:dev: 
@repo/api:dev: > @repo/api@ dev /Users/brandon/Development/content-studio/packages/api
@repo/api:dev: > tsc
@repo/api:dev: 
server:dev: [20:49:57.396] INFO (#1): No pending jobs found
server:dev:   worker: UnifiedWorker
server:dev: [20:50:00.406] INFO (#1): No pending jobs found
server:dev:   worker: UnifiedWorker
server:dev: [20:50:03.413] INFO (#1): No pending jobs found
server:dev:   worker: UnifiedWorker
server:dev: [20:50:06.443] INFO (#1): No pending jobs found
server:dev:   worker: UnifiedWorker
server:dev: [20:50:09.453] INFO (#1): No pending jobs found
server:dev:   worker: UnifiedWorker
server:dev: [20:50:12.464] INFO (#1): No pending jobs found
server:dev:   worker: UnifiedWorker
server:dev: [20:50:15.507] INFO (#1): No pending jobs found
server:dev:   worker: UnifiedWorker
server:dev: [20:50:18.515] INFO (#1): No pending jobs found
server:dev:   worker: UnifiedWorker
server:dev: [20:50:21.532] INFO (#1): No pending jobs found
server:dev:   worker: UnifiedWorker
server:dev: [20:50:24.542] INFO (#1): No pending jobs found
server:dev:   worker: UnifiedWorker
server:dev: [20:50:27.549] INFO (#1): No pending jobs found
server:dev:   worker: UnifiedWorker
server:dev: [20:50:30.557] INFO (#1): No pending jobs found
server:dev:   worker: UnifiedWorker
server:dev: [20:50:33.566] INFO (#1): No pending jobs found
server:dev:   worker: UnifiedWorker
server:dev: [20:50:36.577] INFO (#1): No pending jobs found
server:dev:   worker: UnifiedWorker
server:dev: [20:50:39.584] INFO (#1): No pending jobs found
server:dev:   worker: UnifiedWorker
server:dev: [20:50:42.596] INFO (#1): No pending jobs found
server:dev:   worker: UnifiedWorker
server:dev: [20:50:45.606] INFO (#1): No pending jobs found
server:dev:   worker: UnifiedWorker
server:dev: [20:50:48.613] INFO (#1): No pending jobs found
server:dev:   worker: UnifiedWorker
server:dev: [20:50:51.626] INFO (#1): No pending jobs found
server:dev:   worker: UnifiedWorker
server:dev: [20:50:54.637] INFO (#1): No pending jobs found
server:dev:   worker: UnifiedWorker
server:dev: [20:50:57.645] INFO (#1): No pending jobs found
server:dev:   worker: UnifiedWorker
server:dev: [20:51:00.656] INFO (#1): No pending jobs found
server:dev:   worker: UnifiedWorker
server:dev: [20:51:03.664] INFO (#1): No pending jobs found
server:dev:   worker: UnifiedWorker
server:dev: [20:51:06.680] INFO (#1): No pending jobs found
server:dev:   worker: UnifiedWorker
server:dev: [20:51:09.689] INFO (#1): No pending jobs found
server:dev:   worker: UnifiedWorker
server:dev: [20:51:12.702] INFO (#1): No pending jobs found
server:dev:   worker: UnifiedWorker
server:dev: [20:51:15.709] INFO (#1): No pending jobs found
server:dev:   worker: UnifiedWorker
server:dev: [20:51:18.723] INFO (#1): No pending jobs found
server:dev:   worker: UnifiedWorker
server:dev: [20:51:21.735] INFO (#1): No pending jobs found
server:dev:   worker: UnifiedWorker
server:dev: [20:51:24.746] INFO (#1): No pending jobs found
server:dev:   worker: UnifiedWorker
server:dev: [20:51:27.754] INFO (#1): No pending jobs found
server:dev:   worker: UnifiedWorker
server:dev: [20:51:30.762] INFO (#1): No pending jobs found
server:dev:   worker: UnifiedWorker
server:dev: [20:51:33.776] INFO (#1): No pending jobs found
server:dev:   worker: UnifiedWorker
server:dev: [20:51:36.787] INFO (#1): No pending jobs found
server:dev:   worker: UnifiedWorker
server:dev: [20:51:39.796] INFO (#1): No pending jobs found
server:dev:   worker: UnifiedWorker
server:dev: [20:51:42.807] INFO (#1): No pending jobs found
server:dev:   worker: UnifiedWorker
server:dev: [20:51:45.819] INFO (#1): No pending jobs found
server:dev:   worker: UnifiedWorker
server:dev: [20:51:48.828] INFO (#1): No pending jobs found
server:dev:   worker: UnifiedWorker
server:dev: [20:51:51.844] INFO (#1): No pending jobs found
server:dev:   worker: UnifiedWorker
server:dev: [20:51:54.852] INFO (#1): No pending jobs found
server:dev:   worker: UnifiedWorker
server:dev: [20:51:57.860] INFO (#1): No pending jobs found
server:dev:   worker: UnifiedWorker
server:dev: [20:52:00.869] INFO (#1): No pending jobs found
server:dev:   worker: UnifiedWorker
server:dev: [20:52:03.881] INFO (#1): No pending jobs found
server:dev:   worker: UnifiedWorker
server:dev: [20:52:06.891] INFO (#1): No pending jobs found
server:dev:   worker: UnifiedWorker
server:dev: [20:52:09.900] INFO (#1): No pending jobs found
server:dev:   worker: UnifiedWorker
server:dev: [20:52:12.912] INFO (#1): No pending jobs found
server:dev:   worker: UnifiedWorker
server:dev: [20:52:15.916] INFO (#1): No pending jobs found
server:dev:   worker: UnifiedWorker
server:dev: [20:52:18.924] INFO (#1): No pending jobs found
server:dev:   worker: UnifiedWorker
server:dev: [20:52:21.933] INFO (#1): No pending jobs found
server:dev:   worker: UnifiedWorker
server:dev: [20:52:24.940] INFO (#1): No pending jobs found
server:dev:   worker: UnifiedWorker
server:dev: [20:52:27.956] INFO (#1): No pending jobs found
server:dev:   worker: UnifiedWorker
server:dev: [20:52:30.969] INFO (#1): No pending jobs found
server:dev:   worker: UnifiedWorker
server:dev: [20:52:33.977] INFO (#1): No pending jobs found
server:dev:   worker: UnifiedWorker
server:dev: [20:52:36.991] INFO (#1): No pending jobs found
server:dev:   worker: UnifiedWorker
server:dev: [20:52:39.998] INFO (#1): No pending jobs found
server:dev:   worker: UnifiedWorker
server:dev: [20:52:43.011] INFO (#1): No pending jobs found
server:dev:   worker: UnifiedWorker
server:dev: [20:52:46.017] INFO (#1): No pending jobs found
server:dev:   worker: UnifiedWorker
server:dev: [20:52:49.025] INFO (#1): No pending jobs found
server:dev:   worker: UnifiedWorker
server:dev: [20:52:52.041] INFO (#1): No pending jobs found
server:dev:   worker: UnifiedWorker
server:dev: [20:52:55.048] INFO (#1): No pending jobs found
server:dev:   worker: UnifiedWorker
server:dev: [20:52:58.057] INFO (#1): No pending jobs found
server:dev:   worker: UnifiedWorker
server:dev: [20:53:01.065] INFO (#1): No pending jobs found
server:dev:   worker: UnifiedWorker
server:dev: [20:53:04.074] INFO (#1): No pending jobs found
server:dev:   worker: UnifiedWorker
server:dev: [20:53:07.085] INFO (#1): No pending jobs found
server:dev:   worker: UnifiedWorker
server:dev: [20:53:10.094] INFO (#1): No pending jobs found
server:dev:   worker: UnifiedWorker
@repo/api:dev: cache bypass, force executing 09eac1f1dd2735ce
@repo/api:dev: 
@repo/api:dev: > @repo/api@ dev /Users/brandon/Development/content-studio/packages/api
@repo/api:dev: > tsc
@repo/api:dev: 
@repo/api:dev:  ELIFECYCLE  Command failed.
server:dev: [20:53:13.111] INFO (#1): No pending jobs found
server:dev:   worker: UnifiedWorker
@repo/api:dev: cache bypass, force executing b63ef254f0d38df4
@repo/api:dev: 
@repo/api:dev: > @repo/api@ dev /Users/brandon/Development/content-studio/packages/api
@repo/api:dev: > tsc
@repo/api:dev: 
server:dev: [20:53:16.152] INFO (#1): No pending jobs found
server:dev:   worker: UnifiedWorker
@repo/api:dev: src/server/router/brand.ts(12,8): error TS2307: Cannot find module '@repo/media/brand' or its corresponding type declarations.
@repo/api:dev: src/server/router/brand.ts(18,28): error TS2339: Property 'brands' does not exist on type 'RouterImplementerWithMiddlewares<{ documents: { list: ContractProcedure<StandardSchemaV1<{ readonly limit?: string | number | undefined; readonly offset?: string | number | undefined; }, { readonly limit?: number | undefined; readonly offset?: number | undefined; }> & SchemaClass<...>, StandardSchemaV1<...> & Schema...'.
@repo/api:dev: src/server/router/brand.ts(19,14): error TS7031: Binding element 'context' implicitly has an 'any' type.
@repo/api:dev: src/server/router/brand.ts(19,23): error TS7031: Binding element 'input' implicitly has an 'any' type.
@repo/api:dev: src/server/router/brand.ts(19,30): error TS7031: Binding element 'errors' implicitly has an 'any' type.
@repo/api:dev: src/server/router/brand.ts(25,43): error TS18046: 'result' is of type 'unknown'.
@repo/api:dev: src/server/router/brand.ts(40,27): error TS2339: Property 'brands' does not exist on type 'RouterImplementerWithMiddlewares<{ documents: { list: ContractProcedure<StandardSchemaV1<{ readonly limit?: string | number | undefined; readonly offset?: string | number | undefined; }, { readonly limit?: number | undefined; readonly offset?: number | undefined; }> & SchemaClass<...>, StandardSchemaV1<...> & Schema...'.
@repo/api:dev: src/server/router/brand.ts(41,14): error TS7031: Binding element 'context' implicitly has an 'any' type.
@repo/api:dev: src/server/router/brand.ts(41,23): error TS7031: Binding element 'input' implicitly has an 'any' type.
@repo/api:dev: src/server/router/brand.ts(41,30): error TS7031: Binding element 'errors' implicitly has an 'any' type.
@repo/api:dev: src/server/router/brand.ts(55,30): error TS2339: Property 'brands' does not exist on type 'RouterImplementerWithMiddlewares<{ documents: { list: ContractProcedure<StandardSchemaV1<{ readonly limit?: string | number | undefined; readonly offset?: string | number | undefined; }, { readonly limit?: number | undefined; readonly offset?: number | undefined; }> & SchemaClass<...>, StandardSchemaV1<...> & Schema...'.
@repo/api:dev: src/server/router/brand.ts(56,14): error TS7031: Binding element 'context' implicitly has an 'any' type.
@repo/api:dev: src/server/router/brand.ts(56,23): error TS7031: Binding element 'input' implicitly has an 'any' type.
@repo/api:dev: src/server/router/brand.ts(56,30): error TS7031: Binding element 'errors' implicitly has an 'any' type.
@repo/api:dev: src/server/router/brand.ts(70,30): error TS2339: Property 'brands' does not exist on type 'RouterImplementerWithMiddlewares<{ documents: { list: ContractProcedure<StandardSchemaV1<{ readonly limit?: string | number | undefined; readonly offset?: string | number | undefined; }, { readonly limit?: number | undefined; readonly offset?: number | undefined; }> & SchemaClass<...>, StandardSchemaV1<...> & Schema...'.
@repo/api:dev: src/server/router/brand.ts(71,14): error TS7031: Binding element 'context' implicitly has an 'any' type.
@repo/api:dev: src/server/router/brand.ts(71,23): error TS7031: Binding element 'input' implicitly has an 'any' type.
@repo/api:dev: src/server/router/brand.ts(71,30): error TS7031: Binding element 'errors' implicitly has an 'any' type.
@repo/api:dev: src/server/router/brand.ts(86,30): error TS2339: Property 'brands' does not exist on type 'RouterImplementerWithMiddlewares<{ documents: { list: ContractProcedure<StandardSchemaV1<{ readonly limit?: string | number | undefined; readonly offset?: string | number | undefined; }, { readonly limit?: number | undefined; readonly offset?: number | undefined; }> & SchemaClass<...>, StandardSchemaV1<...> & Schema...'.
@repo/api:dev: src/server/router/brand.ts(87,14): error TS7031: Binding element 'context' implicitly has an 'any' type.
@repo/api:dev: src/server/router/brand.ts(87,23): error TS7031: Binding element 'input' implicitly has an 'any' type.
@repo/api:dev: src/server/router/brand.ts(87,30): error TS7031: Binding element 'errors' implicitly has an 'any' type.
@repo/api:dev:  ELIFECYCLE  Command failed with exit code 2.
@repo/api:dev: command finished with error, but continuing...
@repo/api#dev: command (/Users/brandon/Development/content-studio/packages/api) /Users/brandon/Library/pnpm/.tools/pnpm/10.23.0/bin/pnpm run dev exited (2)
server:dev: [20:53:19.173] INFO (#1): No pending jobs found
server:dev:   worker: UnifiedWorker
server:dev: [20:53:22.188] INFO (#1): No pending jobs found
server:dev:   worker: UnifiedWorker
web:dev: 8:53:24 PM [vite] (client) hmr update /src/routes/_protected/podcasts/$podcastId.tsx, /src/routes/_protected/voiceovers/$voiceoverId.tsx, /src/providers/sse-provider.tsx
web:dev: 8:53:24 PM [vite] (client) hmr update /src/routes/_protected/podcasts/$podcastId.tsx, /src/routes/_protected/voiceovers/$voiceoverId.tsx, /src/providers/sse-provider.tsx
server:dev: 8:53:24 PM [tsx] change in ./../../packages/api/src/contracts/index.ts Restarting...
server:dev: 
server:dev: Server has stopped gracefully.
web:dev: 8:53:24 PM [vite] (client) hmr invalidate /src/providers/sse-provider.tsx Could not Fast Refresh ("useSSEContext" export is incompatible). Learn more at https://github.com/vitejs/vite-plugin-react/tree/main/packages/plugin-react-swc#consistent-components-exports
web:dev: 8:53:24 PM [vite] (client) page reload src/providers/sse-provider.tsx
@repo/api:dev: cache bypass, force executing d6732125f7e47f13
@repo/api:dev: 
@repo/api:dev: > @repo/api@ dev /Users/brandon/Development/content-studio/packages/api
@repo/api:dev: > tsc
@repo/api:dev: 
web:dev: 8:53:27 PM [vite] (client) hmr update /src/routes/_protected/podcasts/$podcastId.tsx, /src/routes/_protected/voiceovers/$voiceoverId.tsx, /src/providers/sse-provider.tsx
web:dev: 8:53:27 PM [vite] (client) hmr invalidate /src/providers/sse-provider.tsx Could not Fast Refresh ("useSSEContext" export is incompatible). Learn more at https://github.com/vitejs/vite-plugin-react/tree/main/packages/plugin-react-swc#consistent-components-exports
web:dev: 8:53:27 PM [vite] (client) page reload src/providers/sse-provider.tsx
server:dev: c8:53:27 PM [tsx] change in ./../../packages/api/src/contracts/index.ts Restarting...
@repo/api:dev:  ELIFECYCLE  Command failed.
@repo/api:dev: cache bypass, force executing 5c2c1f11cc29a0f2
@repo/api:dev: 
@repo/api:dev: > @repo/api@ dev /Users/brandon/Development/content-studio/packages/api
@repo/api:dev: > tsc
@repo/api:dev: 
server:dev: Verifying database connection...
server:dev: cVerifying database connection...
server:dev: Database connection verified
server:dev: [UnifiedWorker] Using shared runtime
server:dev: [20:53:32.745] INFO (#1): Starting UnifiedWorker, polling every 3000ms
server:dev:   worker: UnifiedWorker
server:dev: 
server:dev: Hono
server:dev: - internal server url: http://[::1]:3035
server:dev: - external server url: http://localhost:3035
server:dev: - public web url: http://localhost:8085
server:dev:       
server:dev: [20:53:32.775] INFO (#1): No pending jobs found
server:dev:   worker: UnifiedWorker
@repo/api:dev: src/server/router/brand.ts(12,8): error TS2307: Cannot find module '@repo/media/brand' or its corresponding type declarations.
@repo/api:dev: src/server/router/brand.ts(25,43): error TS18046: 'result' is of type 'unknown'.
@repo/api:dev:  ELIFECYCLE  Command failed with exit code 2.
@repo/api:dev: command finished with error, but continuing...
@repo/api#dev: command (/Users/brandon/Development/content-studio/packages/api) /Users/brandon/Library/pnpm/.tools/pnpm/10.23.0/bin/pnpm run dev exited (2)
server:dev: [20:53:35.793] INFO (#1): No pending jobs found
server:dev:   worker: UnifiedWorker
server:dev: [20:53:38.803] INFO (#1): No pending jobs found
server:dev:   worker: UnifiedWorker
server:dev: [20:53:41.810] INFO (#1): No pending jobs found
server:dev:   worker: UnifiedWorker
server:dev: [20:53:44.819] INFO (#1): No pending jobs found
server:dev:   worker: UnifiedWorker
server:dev: [20:53:47.827] INFO (#1): No pending jobs found
server:dev:   worker: UnifiedWorker
server:dev: [20:53:50.835] INFO (#1): No pending jobs found
server:dev:   worker: UnifiedWorker
@repo/media:dev: cache bypass, force executing 7a2fb968adc3fc47
@repo/media:dev: 
@repo/media:dev: > @repo/media@ dev /Users/brandon/Development/content-studio/packages/media
@repo/media:dev: > tsc --build tsconfig.package.json
@repo/media:dev: 
@repo/api:dev: cache bypass, force executing bde9848eace26b0f
@repo/api:dev: 
@repo/api:dev: > @repo/api@ dev /Users/brandon/Development/content-studio/packages/api
@repo/api:dev: > tsc
@repo/api:dev: 
server:dev: [20:53:53.857] INFO (#1): No pending jobs found
server:dev:   worker: UnifiedWorker
@repo/api:dev: src/server/router/brand.ts(23,9): error TS2345: Argument of type 'Effect<{ readonly values: readonly string[]; readonly id: string & Brand<"BrandId">; readonly name: string; readonly createdAt: string; readonly updatedAt: string; readonly description: string | null; ... 4 more ...; readonly segmentCount: number; }[], UnauthorizedError | ... 1 more ... | SerializationError, Db | Br...' is not assignable to parameter of type 'Effect<{ readonly values: readonly string[]; readonly id: string & Brand<"BrandId">; readonly name: string; readonly createdAt: string; readonly updatedAt: string; readonly description: string | null; ... 4 more ...; readonly segmentCount: number; }[], UnauthorizedError | ... 1 more ... | SerializationError, SharedS...'.
@repo/api:dev:   Type 'Db | BrandRepo' is not assignable to type 'SharedServices'.
@repo/api:dev:     Type 'BrandRepo' is not assignable to type 'SharedServices'.
@repo/api:dev:       Type 'TagClassShape<"@repo/media/BrandRepo", BrandRepoService>' is not assignable to type 'VoiceoverCollaboratorRepo'.
@repo/api:dev:         Type '"@repo/media/BrandRepo"' is not assignable to type '"@repo/media/VoiceoverCollaboratorRepo"'.
@repo/api:dev: src/server/router/brand.ts(45,9): error TS2345: Argument of type 'Effect<{ readonly values: readonly string[]; readonly id: string & Brand<"BrandId">; readonly name: string; readonly createdAt: string; readonly updatedAt: string; readonly description: string | null; ... 6 more ...; readonly createdBy: string; }, UnauthorizedError | ... 3 more ... | ForbiddenError, Db | BrandRepo>' is not assignable to parameter of type 'Effect<{ readonly values: readonly string[]; readonly id: string & Brand<"BrandId">; readonly name: string; readonly createdAt: string; readonly updatedAt: string; readonly description: string | null; ... 6 more ...; readonly createdBy: string; }, UnauthorizedError | ... 3 more ... | ForbiddenError, SharedServices>'.
@repo/api:dev:   Type 'Db | BrandRepo' is not assignable to type 'SharedServices'.
@repo/api:dev:     Type 'BrandRepo' is not assignable to type 'SharedServices'.
@repo/api:dev:       Type 'TagClassShape<"@repo/media/BrandRepo", BrandRepoService>' is not assignable to type 'VoiceoverCollaboratorRepo'.
@repo/api:dev:         Type '"@repo/media/BrandRepo"' is not assignable to type '"@repo/media/VoiceoverCollaboratorRepo"'.
@repo/api:dev: src/server/router/brand.ts(60,9): error TS2345: Argument of type 'Effect<{ readonly values: readonly string[]; readonly id: string & Brand<"BrandId">; readonly name: string; readonly createdAt: string; readonly updatedAt: string; readonly description: string | null; ... 6 more ...; readonly createdBy: string; }, UnauthorizedError | ... 1 more ... | SerializationError, Db | BrandRe...' is not assignable to parameter of type 'Effect<{ readonly values: readonly string[]; readonly id: string & Brand<"BrandId">; readonly name: string; readonly createdAt: string; readonly updatedAt: string; readonly description: string | null; ... 6 more ...; readonly createdBy: string; }, UnauthorizedError | ... 1 more ... | SerializationError, SharedServic...'.
@repo/api:dev:   Type 'Db | BrandRepo' is not assignable to type 'SharedServices'.
@repo/api:dev:     Type 'BrandRepo' is not assignable to type 'SharedServices'.
@repo/api:dev:       Type 'TagClassShape<"@repo/media/BrandRepo", BrandRepoService>' is not assignable to type 'VoiceoverCollaboratorRepo'.
@repo/api:dev:         Type '"@repo/media/BrandRepo"' is not assignable to type '"@repo/media/VoiceoverCollaboratorRepo"'.
@repo/api:dev: src/server/router/brand.ts(76,9): error TS2345: Argument of type 'Effect<{ readonly values: readonly string[]; readonly id: string & Brand<"BrandId">; readonly name: string; readonly createdAt: string; readonly updatedAt: string; readonly description: string | null; ... 6 more ...; readonly createdBy: string; }, UnauthorizedError | ... 3 more ... | ForbiddenError, Db | BrandRepo>' is not assignable to parameter of type 'Effect<{ readonly values: readonly string[]; readonly id: string & Brand<"BrandId">; readonly name: string; readonly createdAt: string; readonly updatedAt: string; readonly description: string | null; ... 6 more ...; readonly createdBy: string; }, UnauthorizedError | ... 3 more ... | ForbiddenError, SharedServices>'.
@repo/api:dev:   Type 'Db | BrandRepo' is not assignable to type 'SharedServices'.
@repo/api:dev:     Type 'BrandRepo' is not assignable to type 'SharedServices'.
@repo/api:dev:       Type 'TagClassShape<"@repo/media/BrandRepo", BrandRepoService>' is not assignable to type 'VoiceoverCollaboratorRepo'.
@repo/api:dev:         Type '"@repo/media/BrandRepo"' is not assignable to type '"@repo/media/VoiceoverCollaboratorRepo"'.
@repo/api:dev: src/server/router/brand.ts(91,9): error TS2345: Argument of type 'Effect<{}, UnauthorizedError | DatabaseError | BrandNotFound | ForbiddenError, Db | BrandRepo>' is not assignable to parameter of type 'Effect<{}, UnauthorizedError | DatabaseError | BrandNotFound | ForbiddenError, SharedServices>'.
@repo/api:dev:   Type 'Db | BrandRepo' is not assignable to type 'SharedServices'.
@repo/api:dev:     Type 'BrandRepo' is not assignable to type 'SharedServices'.
@repo/api:dev:       Type 'TagClassShape<"@repo/media/BrandRepo", BrandRepoService>' is not assignable to type 'VoiceoverCollaboratorRepo'.
@repo/api:dev:         Type '"@repo/media/BrandRepo"' is not assignable to type '"@repo/media/VoiceoverCollaboratorRepo"'.
@repo/api:dev:  ELIFECYCLE  Command failed with exit code 2.
@repo/api:dev: command finished with error, but continuing...
@repo/api#dev: command (/Users/brandon/Development/content-studio/packages/api) /Users/brandon/Library/pnpm/.tools/pnpm/10.23.0/bin/pnpm run dev exited (2)
server:dev: [20:53:56.899] INFO (#1): No pending jobs found
server:dev:   worker: UnifiedWorker
server:dev: [20:53:59.912] INFO (#1): No pending jobs found
server:dev:   worker: UnifiedWorker
server:dev: [20:54:02.922] INFO (#1): No pending jobs found
server:dev:   worker: UnifiedWorker
server:dev: [20:54:05.929] INFO (#1): No pending jobs found
server:dev:   worker: UnifiedWorker
server:dev: [20:54:08.941] INFO (#1): No pending jobs found
server:dev:   worker: UnifiedWorker
server:dev: [20:54:11.949] INFO (#1): No pending jobs found
server:dev:   worker: UnifiedWorker
server:dev: 8:54:14 PM [tsx] change in ./../../packages/media/src/index.ts Restarting...
server:dev: 
server:dev: Server has stopped gracefully.
@repo/media:dev: cache bypass, force executing b96fd89d7e966958
@repo/media:dev: 
@repo/media:dev: > @repo/media@ dev /Users/brandon/Development/content-studio/packages/media
@repo/media:dev: > tsc --build tsconfig.package.json
@repo/media:dev: 
@repo/api:dev: cache bypass, force executing 03c24958b6b46a91
@repo/api:dev: 
@repo/api:dev: > @repo/api@ dev /Users/brandon/Development/content-studio/packages/api
@repo/api:dev: > tsc
@repo/api:dev: 
@repo/api:dev:  ELIFECYCLE  Command failed.
server:dev: c8:54:17 PM [tsx] change in ./../../packages/media/src/index.ts Restarting...
server:dev: Verifying database connection...
@repo/media:dev: cache bypass, force executing ae79b252e367cf8d
@repo/media:dev: 
@repo/media:dev: > @repo/media@ dev /Users/brandon/Development/content-studio/packages/media
@repo/media:dev: > tsc --build tsconfig.package.json
@repo/media:dev: 
@repo/media:dev: src/index.ts(179,14): error TS2322: Type 'Layer<DocumentRepo | PodcastRepo | CollaboratorRepo | VoiceoverRepo | VoiceoverCollaboratorRepo, never, Db>' is not assignable to type 'Layer<Media, never, Db | Storage>'.
@repo/media:dev:   Type 'Media' is not assignable to type 'DocumentRepo | PodcastRepo | CollaboratorRepo | VoiceoverRepo | VoiceoverCollaboratorRepo'.
@repo/media:dev:     Type 'BrandRepo' is not assignable to type 'DocumentRepo | PodcastRepo | CollaboratorRepo | VoiceoverRepo | VoiceoverCollaboratorRepo'.
@repo/media:dev:       Type 'BrandRepo' is not assignable to type 'VoiceoverCollaboratorRepo'.
@repo/media:dev:         Types of property 'Id' are incompatible.
@repo/media:dev:           Type '"@repo/media/BrandRepo"' is not assignable to type '"@repo/media/VoiceoverCollaboratorRepo"'.
@repo/media:dev:  ELIFECYCLE  Command failed with exit code 1.
@repo/media:dev: command finished with error, but continuing...
@repo/api:dev: cache bypass, force executing 4a27733ce6e662da
@repo/api:dev: 
@repo/api:dev: > @repo/api@ dev /Users/brandon/Development/content-studio/packages/api
@repo/api:dev: > tsc
@repo/api:dev: 
server:dev: cVerifying database connection...
server:dev: Database connection verified
server:dev: [UnifiedWorker] Using shared runtime
server:dev: [20:54:20.496] INFO (#1): Starting UnifiedWorker, polling every 3000ms
server:dev:   worker: UnifiedWorker
server:dev: 
server:dev: Hono
server:dev: - internal server url: http://[::1]:3035
server:dev: - external server url: http://localhost:3035
server:dev: - public web url: http://localhost:8085
server:dev:       
server:dev: [20:54:20.563] INFO (#1): No pending jobs found
server:dev:   worker: UnifiedWorker
@repo/api:dev:  ELIFECYCLE  Command failed.
@repo/media#dev: command (/Users/brandon/Development/content-studio/packages/media) /Users/brandon/Library/pnpm/.tools/pnpm/10.23.0/bin/pnpm run dev exited (1)
server:dev: 8:54:21 PM [tsx] change in ./../../packages/media/src/index.ts Restarting...
server:dev: 
server:dev: Server has stopped gracefully.
@repo/media:dev: cache bypass, force executing d1be8a4cb990618f
@repo/media:dev: 
@repo/media:dev: > @repo/media@ dev /Users/brandon/Development/content-studio/packages/media
@repo/media:dev: > tsc --build tsconfig.package.json
@repo/media:dev: 
@repo/api:dev: cache bypass, force executing 913e8def0dd2f77b
@repo/api:dev: 
@repo/api:dev: > @repo/api@ dev /Users/brandon/Development/content-studio/packages/api
@repo/api:dev: > tsc
@repo/api:dev: 
server:dev: cVerifying database connection...
server:dev: Database connection verified
server:dev: [UnifiedWorker] Using shared runtime
server:dev: [20:54:24.429] INFO (#1): Starting UnifiedWorker, polling every 3000ms
server:dev:   worker: UnifiedWorker
server:dev: 
server:dev: Hono
server:dev: - internal server url: http://[::1]:3035
server:dev: - external server url: http://localhost:3035
server:dev: - public web url: http://localhost:8085
server:dev:       
server:dev: [20:54:24.446] INFO (#1): No pending jobs found
server:dev:   worker: UnifiedWorker
server:dev: [20:54:27.472] INFO (#1): No pending jobs found
server:dev:   worker: UnifiedWorker
server:dev: [20:54:30.484] INFO (#1): No pending jobs found
server:dev:   worker: UnifiedWorker
server:dev: [20:54:33.494] INFO (#1): No pending jobs found
server:dev:   worker: UnifiedWorker
server:dev: [20:54:36.503] INFO (#1): No pending jobs found
server:dev:   worker: UnifiedWorker
@repo/api:dev: cache bypass, force executing 371ffd6bb0e0c9ca
@repo/api:dev: 
@repo/api:dev: > @repo/api@ dev /Users/brandon/Development/content-studio/packages/api
@repo/api:dev: > tsc
@repo/api:dev: 
server:dev: 8:54:39 PM [tsx] change in ./../../packages/api/src/server/router/index.ts Restarting...
server:dev: 
server:dev: Server has stopped gracefully.
server:dev: cVerifying database connection...
server:dev: Database connection verified
server:dev: [UnifiedWorker] Using shared runtime
server:dev: [20:54:42.855] INFO (#1): Starting UnifiedWorker, polling every 3000ms
server:dev:   worker: UnifiedWorker
server:dev: 
server:dev: Hono
server:dev: - internal server url: http://[::1]:3035
server:dev: - external server url: http://localhost:3035
server:dev: - public web url: http://localhost:8085
server:dev:       
server:dev: [20:54:42.885] INFO (#1): No pending jobs found
server:dev:   worker: UnifiedWorker
server:dev: [20:54:45.911] INFO (#1): No pending jobs found
server:dev:   worker: UnifiedWorker
server:dev: [20:54:48.921] INFO (#1): No pending jobs found
server:dev:   worker: UnifiedWorker
server:dev: [20:54:51.937] INFO (#1): No pending jobs found
server:dev:   worker: UnifiedWorker
server:dev: [20:54:54.945] INFO (#1): No pending jobs found
server:dev:   worker: UnifiedWorker
server:dev: [20:54:57.955] INFO (#1): No pending jobs found
server:dev:   worker: UnifiedWorker
server:dev: [20:55:00.965] INFO (#1): No pending jobs found
server:dev:   worker: UnifiedWorker
server:dev: [20:55:03.973] INFO (#1): No pending jobs found
server:dev:   worker: UnifiedWorker
server:dev: [20:55:06.983] INFO (#1): No pending jobs found
server:dev:   worker: UnifiedWorker
server:dev: [20:55:09.991] INFO (#1): No pending jobs found
server:dev:   worker: UnifiedWorker
server:dev: [20:55:13.014] INFO (#1): No pending jobs found
server:dev:   worker: UnifiedWorker
server:dev: [20:55:16.030] INFO (#1): No pending jobs found
server:dev:   worker: UnifiedWorker
server:dev: [20:55:19.040] INFO (#1): No pending jobs found
server:dev:   worker: UnifiedWorker
server:dev: [20:55:22.046] INFO (#1): No pending jobs found
server:dev:   worker: UnifiedWorker
server:dev: [20:55:25.052] INFO (#1): No pending jobs found
server:dev:   worker: UnifiedWorker
server:dev: [20:55:28.059] INFO (#1): No pending jobs found
server:dev:   worker: UnifiedWorker
server:dev: [20:55:31.068] INFO (#1): No pending jobs found
server:dev:   worker: UnifiedWorker
server:dev: [20:55:34.078] INFO (#1): No pending jobs found
server:dev:   worker: UnifiedWorker
server:dev: [20:55:37.086] INFO (#1): No pending jobs found
server:dev:   worker: UnifiedWorker
server:dev: [20:55:40.096] INFO (#1): No pending jobs found
server:dev:   worker: UnifiedWorker
